<?xml version="1.0" encoding="UTF-8"?>
<!-- Generated by org.testng.reporters.JUnitReportReporter -->
<testsuite hostname="Collaberas-MacBook-Pro.local" failures="0" tests="18" name="iOS.tests.Test.AppiumIphoneMain" time="119.738" errors="0" timestamp="2023-05-24T20:53:10 PST" skipped="0">
  <testcase classname="iOS.tests.Test.AppiumIphoneMain" name="setup" time="6.089"/>
  <system-out/>
  <testcase classname="iOS.tests.Test.AppiumIphoneMain" name="scrollGes" time="3.613"/>
  <system-out/>
  <testcase classname="iOS.tests.Test.AppiumIphoneMain" name="actIndicator" time="6.098"/>
  <system-out/>
  <testcase classname="iOS.tests.Test.AppiumIphoneMain" name="datePicker" time="4.743"/>
  <system-out/>
  <testcase classname="iOS.tests.Test.AppiumIphoneMain" name="timePicker" time="9.923"/>
  <system-out/>
  <testcase classname="iOS.tests.Test.AppiumIphoneMain" name="ImageView" time="9.289"/>
  <system-out/>
  <testcase classname="iOS.tests.Test.AppiumIphoneMain" name="pageControl" time="2.497"/>
  <system-out/>
  <testcase classname="iOS.tests.Test.AppiumIphoneMain" name="pickView" time="2.517"/>
  <system-out/>
  <testcase classname="iOS.tests.Test.AppiumIphoneMain" name="progView" time="11.786"/>
  <system-out/>
  <testcase classname="iOS.tests.Test.AppiumIphoneMain" name="searchView" time="9.118"/>
  <system-out/>
  <testcase classname="iOS.tests.Test.AppiumIphoneMain" name="segmentedControls" time="6.096"/>
  <system-out/>
  <testcase classname="iOS.tests.Test.AppiumIphoneMain" name="sliderControl" time="4.813"/>
  <system-out/>
  <testcase classname="iOS.tests.Test.AppiumIphoneMain" name="stackViews" time="7.525"/>
  <system-out/>
  <testcase classname="iOS.tests.Test.AppiumIphoneMain" name="switches" time="4.558"/>
  <system-out/>
  <testcase classname="iOS.tests.Test.AppiumIphoneMain" name="textField" time="16.614"/>
  <system-out/>
  <testcase classname="iOS.tests.Test.AppiumIphoneMain" name="toolBars" time="4.197"/>
  <system-out/>
  <testcase classname="iOS.tests.Test.AppiumIphoneMain" name="webViews" time="4.666"/>
  <system-out/>
  <testcase classname="iOS.tests.Test.AppiumIphoneMain" name="alert" time="5.596"/>
  <system-out/>
</testsuite> <!-- iOS.tests.Test.AppiumIphoneMain -->
