<?xml version="1.0" encoding="UTF-8"?>
<!-- Generated by org.testng.reporters.JUnitReportReporter -->
<testsuite hostname="Collaberas-MacBook-Pro.local" failures="0" tests="8" name="Android.tests.Test.AppiumAndroidTabletMain" time="63.402" errors="0" timestamp="2023-05-24T21:35:12 PST" skipped="0">
  <testcase classname="Android.tests.Test.AppiumAndroidTabletMain" name="applLaunch" time="8.353"/>
  <system-out/>
  <testcase classname="Android.tests.Test.AppiumAndroidTabletMain" name="Register" time="10.202"/>
  <system-out/>
  <testcase classname="Android.tests.Test.AppiumAndroidTabletMain" name="Login" time="4.786"/>
  <system-out/>
  <testcase classname="Android.tests.Test.AppiumAndroidTabletMain" name="transactHistory" time="10.453"/>
  <system-out/>
  <testcase classname="Android.tests.Test.AppiumAndroidTabletMain" name="transactHistory2" time="13.437"/>
  <system-out/>
  <testcase classname="Android.tests.Test.AppiumAndroidTabletMain" name="trans" time="8.861"/>
  <system-out/>
  <testcase classname="Android.tests.Test.AppiumAndroidTabletMain" name="delAccount" time="2.159"/>
  <system-out/>
  <testcase classname="Android.tests.Test.AppiumAndroidTabletMain" name="testLogin" time="5.151"/>
  <system-out/>
</testsuite> <!-- Android.tests.Test.AppiumAndroidTabletMain -->
