<?xml version="1.0" encoding="UTF-8"?>
<!-- Generated by org.testng.reporters.JUnitReportReporter -->
<testsuite hostname="Collaberas-MacBook-Pro.local" failures="0" tests="8" name="Android.tests.Test.AppiumAndroidPhoneMain" time="74.444" errors="0" timestamp="2023-05-24T21:14:34 PST" skipped="0">
  <testcase classname="Android.tests.Test.AppiumAndroidPhoneMain" name="applLaunch" time="11.881"/>
  <system-out/>
  <testcase classname="Android.tests.Test.AppiumAndroidPhoneMain" name="Register" time="12.752"/>
  <system-out/>
  <testcase classname="Android.tests.Test.AppiumAndroidPhoneMain" name="Login" time="5.709"/>
  <system-out/>
  <testcase classname="Android.tests.Test.AppiumAndroidPhoneMain" name="transactHistory" time="12.512"/>
  <system-out/>
  <testcase classname="Android.tests.Test.AppiumAndroidPhoneMain" name="transactHistory2" time="13.992"/>
  <system-out/>
  <testcase classname="Android.tests.Test.AppiumAndroidPhoneMain" name="trans" time="9.220"/>
  <system-out/>
  <testcase classname="Android.tests.Test.AppiumAndroidPhoneMain" name="delAccount" time="2.851"/>
  <system-out/>
  <testcase classname="Android.tests.Test.AppiumAndroidPhoneMain" name="testLogin" time="5.527"/>
  <system-out/>
</testsuite> <!-- Android.tests.Test.AppiumAndroidPhoneMain -->
