<?xml version="1.0" encoding="UTF-8"?>
<!-- Generated by org.testng.reporters.JUnitReportReporter -->
<testsuite hostname="Collaberas-MacBook-Pro.local" failures="0" tests="18" name="iOS.tests.Test.AppiumIpadMain" time="130.649" errors="0" timestamp="2023-05-24T21:39:14 PST" skipped="0">
  <testcase classname="iOS.tests.Test.AppiumIpadMain" name="setup" time="20.962"/>
  <system-out/>
  <testcase classname="iOS.tests.Test.AppiumIpadMain" name="scrollGes" time="3.807"/>
  <system-out/>
  <testcase classname="iOS.tests.Test.AppiumIpadMain" name="actIndicator" time="5.050"/>
  <system-out/>
  <testcase classname="iOS.tests.Test.AppiumIpadMain" name="datePicker" time="4.909"/>
  <system-out/>
  <testcase classname="iOS.tests.Test.AppiumIpadMain" name="timePicker" time="11.800"/>
  <system-out/>
  <testcase classname="iOS.tests.Test.AppiumIpadMain" name="ImageView" time="8.912"/>
  <system-out/>
  <testcase classname="iOS.tests.Test.AppiumIpadMain" name="pageControl" time="1.885"/>
  <system-out/>
  <testcase classname="iOS.tests.Test.AppiumIpadMain" name="pickView" time="2.153"/>
  <system-out/>
  <testcase classname="iOS.tests.Test.AppiumIpadMain" name="progView" time="10.846"/>
  <system-out/>
  <testcase classname="iOS.tests.Test.AppiumIpadMain" name="searchView" time="7.024"/>
  <system-out/>
  <testcase classname="iOS.tests.Test.AppiumIpadMain" name="segmentedControls" time="6.861"/>
  <system-out/>
  <testcase classname="iOS.tests.Test.AppiumIpadMain" name="sliderControl" time="4.542"/>
  <system-out/>
  <testcase classname="iOS.tests.Test.AppiumIpadMain" name="stackViews" time="7.762"/>
  <system-out/>
  <testcase classname="iOS.tests.Test.AppiumIpadMain" name="switches" time="4.022"/>
  <system-out/>
  <testcase classname="iOS.tests.Test.AppiumIpadMain" name="textField" time="17.151"/>
  <system-out/>
  <testcase classname="iOS.tests.Test.AppiumIpadMain" name="toolBars" time="3.466"/>
  <system-out/>
  <testcase classname="iOS.tests.Test.AppiumIpadMain" name="webViews" time="4.295"/>
  <system-out/>
  <testcase classname="iOS.tests.Test.AppiumIpadMain" name="alert" time="5.202"/>
  <system-out/>
</testsuite> <!-- iOS.tests.Test.AppiumIpadMain -->
